[Message:   BepInEx] BepInEx 5.4.22.0 - Lethal Company (1/2/2024 6:21:38 PM)
[Info   :   BepInEx] Running under Unity v2022.3.9.15351836
[Info   :   BepInEx] CLR runtime version: 4.0.30319.42000
[Info   :   BepInEx] Supports SRE: True
[Info   :   BepInEx] System platform: Bits64, Windows
[Message:   BepInEx] Preloader started
[Info   :   BepInEx] Loaded 1 patcher method from [BepInEx.Preloader 5.4.22.0]
[Info   :   BepInEx] 1 patcher plugin loaded
[Info   :   BepInEx] Patching [UnityEngine.CoreModule] with [BepInEx.Chainloader]
[Message:   BepInEx] Preloader finished
[Message:   BepInEx] Chainloader ready
[Message:   BepInEx] Chainloader started
[Info   :   BepInEx] 12 plugins to load
[Info   :   BepInEx] Loading [ReservedItemSlotCore 1.8.6]
[Info   :ReservedItemSlotCore-1.8.6] BindingConfigs
[Info   :ReservedItemSlotCore-1.8.6] Cleaning old config entries
[Warning:  HarmonyX] AccessTools.GetTypesFromAssembly: assembly ReservedItemSlotCore, Version=1.0.0.0, Culture=neutral, PublicKeyToken=null => System.Reflection.ReflectionTypeLoadException: Exception of type 'System.Reflection.ReflectionTypeLoadException' was thrown.
Could not load file or assembly 'LethalCompanyInputUtils, Version=1.0.0.0, Culture=neutral, PublicKeyToken=null' or one of its dependencies.
  at (wrapper managed-to-native) System.Reflection.Assembly.GetTypes(System.Reflection.Assembly,bool)
  at System.Reflection.Assembly.GetTypes () [0x00000] in <787acc3c9a4c471ba7d971300105af24>:0 
  at HarmonyLib.AccessTools.GetTypesFromAssembly (System.Reflection.Assembly assembly) [0x0000d] in <474744d65d8e460fa08cd5fd82b5d65f>:0 
System.IO.FileNotFoundException: Could not load file or assembly 'LethalCompanyInputUtils, Version=1.0.0.0, Culture=neutral, PublicKeyToken=null' or one of its dependencies.
File name: 'LethalCompanyInputUtils, Version=1.0.0.0, Culture=neutral, PublicKeyToken=null'
[Info   :ReservedItemSlotCore-1.8.6] ReservedItemSlotCore loaded
[Info   :   BepInEx] Loading [ReservedFlashlightSlot 1.5.8]
[Info   :ReservedFlashlightSlot] BindingConfigs
[Info   :ReservedFlashlightSlot] Cleaning old config entries
[Warning:  HarmonyX] AccessTools.GetTypesFromAssembly: assembly ReservedFlashlightSlot, Version=1.0.0.0, Culture=neutral, PublicKeyToken=null => System.Reflection.ReflectionTypeLoadException: Exception of type 'System.Reflection.ReflectionTypeLoadException' was thrown.
Could not load file or assembly 'LethalCompanyInputUtils, Version=1.0.0.0, Culture=neutral, PublicKeyToken=null' or one of its dependencies.
  at (wrapper managed-to-native) System.Reflection.Assembly.GetTypes(System.Reflection.Assembly,bool)
  at System.Reflection.Assembly.GetTypes () [0x00000] in <787acc3c9a4c471ba7d971300105af24>:0 
  at HarmonyLib.AccessTools.GetTypesFromAssembly (System.Reflection.Assembly assembly) [0x0000d] in <474744d65d8e460fa08cd5fd82b5d65f>:0 
System.IO.FileNotFoundException: Could not load file or assembly 'LethalCompanyInputUtils, Version=1.0.0.0, Culture=neutral, PublicKeyToken=null' or one of its dependencies.
File name: 'LethalCompanyInputUtils, Version=1.0.0.0, Culture=neutral, PublicKeyToken=null'
[Info   :ReservedFlashlightSlot] ReservedFlashlightSlot loaded
[Info   :   BepInEx] Loading [FreddyBracken 1.0.4]
[Info   :FreddyBracken] Plugin FreddyBracken is loaded!
[Info   :   BepInEx] Loading [Lethal Company API 3.3.2]
[Warning:Lethal Company API] 
.____    _________           _____  __________ .___  
|    |   \_   ___ \         /  _  \ \______   \|   | 
|    |   /    \  \/        /  /_\  \ |     ___/|   | 
|    |___\     \____      /    |    \|    |    |   | 
|_______ \\______  /______\____|__  /|____|    |___| 
        \/       \//_____/        \/                 
                                                     
[Info   :Lethal Company API] LC_API Starting up..
[Info   :   BepInEx] Loading [LethalClunk 1.1.1]
[Info   :LethalClunk] Plugin LethalClunk is loaded!
[Info   :   BepInEx] Loading [MoreCompany 1.7.4]
[Info   :MoreCompany] Loading MoreCompany...
[Info   :MoreCompany] Checking: C:\Program Files (x86)\Steam\steamapps\common\Lethal Company - Copy\BepInEx\plugins/MoreCompanyCosmetics
[Info   :MoreCompany] Read settings and cosmetics
[Info   :MoreCompany] Loaded cosmetic: builtin.3dglasses from bundle
[Info   :MoreCompany] Loaded cosmetic: builtin.bunnyears from bundle
[Info   :MoreCompany] Loaded cosmetic: builtin.denimhat from bundle
[Info   :MoreCompany] Loaded cosmetic: builtin.fancyglasses from bundle
[Info   :MoreCompany] Loaded cosmetic: builtin.partyglasses from bundle
[Info   :MoreCompany] Loaded cosmetic: builtin.gunholster from bundle
[Info   :MoreCompany] Loaded cosmetic: builtin.hardhat from bundle
[Info   :MoreCompany] Loaded cosmetic: builtin.jesterhat from bundle
[Info   :MoreCompany] Loaded cosmetic: builtin.kittyears from bundle
[Info   :MoreCompany] Loaded cosmetic: builtin.mimemask from bundle
[Info   :MoreCompany] Loaded cosmetic: builtin.fancypants from bundle
[Info   :MoreCompany] Loaded cosmetic: builtin.outoforder from bundle
[Info   :MoreCompany] Loaded cosmetic: builtin.partyhat from bundle
[Info   :MoreCompany] Loaded cosmetic: builtin.plaguemask from bundle
[Info   :MoreCompany] Loaded cosmetic: builtin.propellerhat from bundle
[Info   :MoreCompany] Loaded cosmetic: builtin.eyeballs from bundle
[Info   :MoreCompany] Loaded cosmetic: builtin.rudolph from bundle
[Info   :MoreCompany] Loaded cosmetic: builtin.santahat from bundle
[Info   :MoreCompany] Loaded cosmetic: builtin.slimething from bundle
[Info   :MoreCompany] Loaded cosmetic: builtin.tophat from bundle
[Info   :MoreCompany] Loaded cosmetic: builtin.watch from bundle
[Info   :MoreCompany] Loading USER COSMETICS...
[Info   :MoreCompany] Loaded MoreCompany FULLY
[Info   :   BepInEx] Loading [RuntimeNetcodeRPCValidator 0.2.5]
[Info   :   BepInEx] Loading [MoreEmotes-Sligili 1.3.2]
[Info   :MoreEmotes-Sligili] MoreEmotes loaded
[Info   :RuntimeNetcodeRPCValidator] Patched 1 ServerRPC & 1 ClientRPC on NetworkBehaviour SignEmoteText.
[Info   :RuntimeNetcodeRPCValidator] Patched 1 ServerRPC & 1 ClientRPC on NetworkBehaviour SyncAnimatorToOthers.
[Info   :RuntimeNetcodeRPCValidator] Successfully registered first patch for type PlayerControllerB.Awake | Triggered by MoreEmotes
[Info   :   BepInEx] Loading [Skinwalker Mod 2.0.6]
[Info   :RugbugRedfern.SkinwalkerMod] SKINWALKER MOD STARTING UP 2.0.6
[Info   :RugbugRedfern.SkinwalkerMod] VoiceEnabled_BaboonHawk VALUE LOADED FROM CONFIG: [True]
[Info   :RugbugRedfern.SkinwalkerMod] VoiceEnabled_Bracken VALUE LOADED FROM CONFIG: [True]
[Info   :RugbugRedfern.SkinwalkerMod] VoiceEnabled_BunkerSpider VALUE LOADED FROM CONFIG: [True]
[Info   :RugbugRedfern.SkinwalkerMod] VoiceEnabled_Centipede VALUE LOADED FROM CONFIG: [True]
[Info   :RugbugRedfern.SkinwalkerMod] VoiceEnabled_CoilHead VALUE LOADED FROM CONFIG: [True]
[Info   :RugbugRedfern.SkinwalkerMod] VoiceEnabled_EyelessDog VALUE LOADED FROM CONFIG: [True]
[Info   :RugbugRedfern.SkinwalkerMod] VoiceEnabled_ForestGiant VALUE LOADED FROM CONFIG: [False]
[Info   :RugbugRedfern.SkinwalkerMod] VoiceEnabled_GhostGirl VALUE LOADED FROM CONFIG: [True]
[Info   :RugbugRedfern.SkinwalkerMod] VoiceEnabled_GiantWorm VALUE LOADED FROM CONFIG: [False]
[Info   :RugbugRedfern.SkinwalkerMod] VoiceEnabled_HoardingBug VALUE LOADED FROM CONFIG: [True]
[Info   :RugbugRedfern.SkinwalkerMod] VoiceEnabled_Hygrodere VALUE LOADED FROM CONFIG: [False]
[Info   :RugbugRedfern.SkinwalkerMod] VoiceEnabled_Jester VALUE LOADED FROM CONFIG: [True]
[Info   :RugbugRedfern.SkinwalkerMod] VoiceEnabled_Masked VALUE LOADED FROM CONFIG: [True]
[Info   :RugbugRedfern.SkinwalkerMod] VoiceEnabled_Nutcracker VALUE LOADED FROM CONFIG: [True]
[Info   :RugbugRedfern.SkinwalkerMod] VoiceEnabled_SporeLizard VALUE LOADED FROM CONFIG: [True]
[Info   :RugbugRedfern.SkinwalkerMod] VoiceEnabled_Thumper VALUE LOADED FROM CONFIG: [True]
[Info   :RugbugRedfern.SkinwalkerMod] VoiceEnabled_OtherEnemies VALUE LOADED FROM CONFIG: [True]
[Info   :RugbugRedfern.SkinwalkerMod] VoiceLineFrequency VALUE LOADED FROM CONFIG: [1]
[Info   :RugbugRedfern.SkinwalkerMod] Skinwalker Mod Object Initialized
[Info   :   BepInEx] Loading [Yippee tbh mod 1.2.3]
[Info   :sunnobunno.YippeeMod] sunnobunno.YippeeMod is loading.
[Info   :sunnobunno.YippeeMod] sunnobunno.YippeeMod is loaded. Yippee!!!
[Info   :   BepInEx] Loading [WeatherMultipliers 1.1.0]
[Info   :WeatherMultipliers] Plugin WeatherMultipliers is loaded!
[Info   :   BepInEx] Loading [More Suits 1.4.1]
[Info   :More Suits] Plugin More Suits is loaded!
[Message:   BepInEx] Chainloader startup complete
[Info   :Lethal Company API] LC_API Started!
[Info   :ReservedFlashlightSlot] Initializing hotkeys.
